2026-01-19 19:37:30.006 [main] INFO  ElorES - Iniciando aplicación ElorES...
2026-01-19 19:37:30.013 [main] INFO  ElorES - Conectando con ElorServ en localhost:9000...
2026-01-19 19:37:30.090 [main] DEBUG ElorES - Servidor: Conectado a ElorServ
2026-01-19 19:37:30.090 [main] INFO  ElorES - Conexión establecida con ElorServ
2026-01-19 19:37:30.092 [main] INFO  ElorES - ✓ Conexión establecida con ElorServ
2026-01-19 19:37:30.092 [main] INFO  ElorES - ━━━━━━━━━━━━━━━━━━━━━━━━━━━━━━━━━━━━━━━━━━━━━━━━━━━
2026-01-19 19:37:30.092 [main] INFO  ElorES - INICIANDO INTERFAZ GRÁFICA
2026-01-19 19:37:30.092 [main] INFO  ElorES - ━━━━━━━━━━━━━━━━━━━━━━━━━━━━━━━━━━━━━━━━━━━━━━━━━━━
2026-01-19 19:37:30.193 [main] INFO  ElorES - ✓ Look and Feel configurado
2026-01-19 19:37:30.336 [AWT-EventQueue-0] INFO  ElorES - MainFrame inicializado
2026-01-19 19:37:30.340 [AWT-EventQueue-0] INFO  ElorES - Inicializando LoginController
2026-01-19 19:37:30.393 [AWT-EventQueue-0] INFO  ElorES - Inicializando MainController
2026-01-19 19:37:30.394 [AWT-EventQueue-0] DEBUG ElorES - → Enviando: GET_PROFILE
2026-01-19 19:37:30.406 [AWT-EventQueue-0] DEBUG ElorES - ← Recibido: UNAUTHORIZED
2026-01-19 19:37:30.406 [AWT-EventQueue-0] ERROR ElorES - Error al obtener perfil: Sesión inválida o expirada. Por favor, inicia sesión nuevamente.
2026-01-19 19:37:30.407 [AWT-EventQueue-0] INFO  ElorES - MenuPanel inicializado
2026-01-19 19:37:30.409 [AWT-EventQueue-0] INFO  ElorES - Paneles creados correctamente
2026-01-19 19:37:30.409 [AWT-EventQueue-0] DEBUG ElorES - Mostrando panel de login
2026-01-19 19:37:30.418 [AWT-EventQueue-0] INFO  ElorES - ✓ Ventana principal mostrada
2026-01-19 19:37:30.419 [AWT-EventQueue-0] INFO  ElorES - ━━━━━━━━━━━━━━━━━━━━━━━━━━━━━━━━━━━━━━━━━━━━━━━━━━━
2026-01-19 19:37:30.419 [AWT-EventQueue-0] INFO  ElorES - APLICACIÓN LISTA - Esperando interacción del usuario
2026-01-19 19:37:30.420 [AWT-EventQueue-0] INFO  ElorES - ━━━━━━━━━━━━━━━━━━━━━━━━━━━━━━━━━━━━━━━━━━━━━━━━━━━
2026-01-19 19:37:37.180 [Thread-0] INFO  ElorES - Cerrando aplicación...
2026-01-19 19:37:37.181 [Thread-0] INFO  ElorES - Desconectando del servidor...
2026-01-19 19:37:37.182 [Thread-0] INFO  ElorES - ✓ Desconectado del servidor
2026-01-19 19:37:37.183 [Thread-0] INFO  ElorES - ✓ Aplicación cerrada correctamente
2026-01-19 19:38:37.716 [main] INFO  ElorES - Iniciando aplicación ElorES...
2026-01-19 19:38:37.718 [main] INFO  ElorES - Conectando con ElorServ en localhost:9000...
2026-01-19 19:38:37.784 [main] DEBUG ElorES - Servidor: Conectado a ElorServ
2026-01-19 19:38:37.784 [main] INFO  ElorES - Conexión establecida con ElorServ
2026-01-19 19:38:37.784 [main] INFO  ElorES - ✓ Conexión establecida con ElorServ
2026-01-19 19:38:37.785 [main] INFO  ElorES - ━━━━━━━━━━━━━━━━━━━━━━━━━━━━━━━━━━━━━━━━━━━━━━━━━━━
2026-01-19 19:38:37.785 [main] INFO  ElorES - INICIANDO INTERFAZ GRÁFICA
2026-01-19 19:38:37.785 [main] INFO  ElorES - ━━━━━━━━━━━━━━━━━━━━━━━━━━━━━━━━━━━━━━━━━━━━━━━━━━━
2026-01-19 19:38:37.844 [main] INFO  ElorES - ✓ Look and Feel configurado
2026-01-19 19:38:37.965 [AWT-EventQueue-0] INFO  ElorES - MainFrame inicializado
2026-01-19 19:38:37.967 [AWT-EventQueue-0] INFO  ElorES - Inicializando LoginController
2026-01-19 19:38:38.000 [AWT-EventQueue-0] INFO  ElorES - Inicializando MainController
2026-01-19 19:38:38.001 [AWT-EventQueue-0] DEBUG ElorES - → Enviando: GET_PROFILE
2026-01-19 19:38:38.010 [AWT-EventQueue-0] DEBUG ElorES - ← Recibido: UNAUTHORIZED
2026-01-19 19:38:38.010 [AWT-EventQueue-0] ERROR ElorES - Error al obtener perfil: Sesión inválida o expirada. Por favor, inicia sesión nuevamente.
2026-01-19 19:38:38.011 [AWT-EventQueue-0] INFO  ElorES - MenuPanel inicializado
2026-01-19 19:38:38.012 [AWT-EventQueue-0] INFO  ElorES - Paneles creados correctamente
2026-01-19 19:38:38.012 [AWT-EventQueue-0] DEBUG ElorES - Mostrando panel de login
2026-01-19 19:38:38.021 [AWT-EventQueue-0] INFO  ElorES - ✓ Ventana principal mostrada
2026-01-19 19:38:38.021 [AWT-EventQueue-0] INFO  ElorES - ━━━━━━━━━━━━━━━━━━━━━━━━━━━━━━━━━━━━━━━━━━━━━━━━━━━
2026-01-19 19:38:38.021 [AWT-EventQueue-0] INFO  ElorES - APLICACIÓN LISTA - Esperando interacción del usuario
2026-01-19 19:38:38.021 [AWT-EventQueue-0] INFO  ElorES - ━━━━━━━━━━━━━━━━━━━━━━━━━━━━━━━━━━━━━━━━━━━━━━━━━━━
2026-01-19 19:38:50.907 [Thread-1] INFO  ElorES - Intentando login con usuario: prueba@gmail.com
2026-01-19 19:38:50.907 [Thread-1] INFO  ElorES - Procesando login...
2026-01-19 19:38:50.907 [Thread-1] INFO  ElorES - Intentando login para: prueba@gmail.com
2026-01-19 19:38:50.907 [Thread-1] DEBUG ElorES - → Enviando: LOGIN
2026-01-19 19:38:51.230 [Thread-1] DEBUG ElorES - ← Recibido: SUCCESS
2026-01-19 19:38:51.231 [Thread-1] DEBUG ElorES - Token de sesión establecido
2026-01-19 19:38:51.231 [Thread-1] DEBUG ElorES - Token de sesión guardado
2026-01-19 19:38:51.231 [Thread-1] INFO  ElorES - ✓ Login exitoso para: prueba
2026-01-19 19:38:51.231 [Thread-1] INFO  ElorES - Login exitoso para: prueba@gmail.com
2026-01-19 19:38:51.232 [AWT-EventQueue-0] INFO  ElorES - Login exitoso para: prueba@gmail.com
2026-01-19 19:38:51.233 [AWT-EventQueue-0] INFO  ElorES - Usuario autenticado: prueba
2026-01-19 19:38:51.234 [AWT-EventQueue-0] DEBUG ElorES - Mostrando panel de menú
2026-01-19 19:38:58.930 [Thread-0] INFO  ElorES - Cerrando aplicación...
2026-01-19 19:38:58.931 [Thread-0] INFO  ElorES - Desconectando del servidor...
2026-01-19 19:38:58.932 [Thread-0] INFO  ElorES - ✓ Desconectado del servidor
2026-01-19 19:38:58.932 [Thread-0] INFO  ElorES - ✓ Aplicación cerrada correctamente
2026-01-19 20:00:04.812 [main] INFO  ElorES - Iniciando aplicación ElorES...
2026-01-19 20:00:04.814 [main] INFO  ElorES - Conectando con ElorServ en localhost:9000...
2026-01-19 20:00:04.880 [main] DEBUG ElorES - Servidor: Conectado a ElorServ
2026-01-19 20:00:04.880 [main] INFO  ElorES - Conexión establecida con ElorServ
2026-01-19 20:00:04.880 [main] INFO  ElorES - ✓ Conexión establecida con ElorServ
2026-01-19 20:00:04.881 [main] INFO  ElorES - ━━━━━━━━━━━━━━━━━━━━━━━━━━━━━━━━━━━━━━━━━━━━━━━━━━━
2026-01-19 20:00:04.881 [main] INFO  ElorES - INICIANDO INTERFAZ GRÁFICA
2026-01-19 20:00:04.881 [main] INFO  ElorES - ━━━━━━━━━━━━━━━━━━━━━━━━━━━━━━━━━━━━━━━━━━━━━━━━━━━
2026-01-19 20:00:04.937 [main] INFO  ElorES - ✓ Look and Feel configurado
2026-01-19 20:00:05.077 [AWT-EventQueue-0] INFO  ElorES - MainFrame inicializado
2026-01-19 20:00:05.079 [AWT-EventQueue-0] INFO  ElorES - Inicializando LoginController
2026-01-19 20:00:05.112 [AWT-EventQueue-0] INFO  ElorES - Inicializando MainController
2026-01-19 20:00:05.113 [AWT-EventQueue-0] DEBUG ElorES - → Enviando: GET_PROFILE
2026-01-19 20:00:05.122 [AWT-EventQueue-0] DEBUG ElorES - ← Recibido: UNAUTHORIZED
2026-01-19 20:00:05.122 [AWT-EventQueue-0] ERROR ElorES - Error al obtener perfil: Sesión inválida o expirada. Por favor, inicia sesión nuevamente.
2026-01-19 20:00:05.125 [AWT-EventQueue-0] INFO  ElorES - MenuPanel inicializado
2026-01-19 20:00:05.127 [AWT-EventQueue-0] INFO  ElorES - Inicializando ProfileController
2026-01-19 20:00:05.132 [AWT-EventQueue-0] INFO  ElorES - ProfilePanel inicializado
2026-01-19 20:00:05.133 [AWT-EventQueue-0] INFO  ElorES - Paneles creados correctamente
2026-01-19 20:00:05.134 [AWT-EventQueue-0] DEBUG ElorES - Mostrando panel de login
2026-01-19 20:00:05.146 [AWT-EventQueue-0] INFO  ElorES - ✓ Ventana principal mostrada
2026-01-19 20:00:05.146 [AWT-EventQueue-0] INFO  ElorES - ━━━━━━━━━━━━━━━━━━━━━━━━━━━━━━━━━━━━━━━━━━━━━━━━━━━
2026-01-19 20:00:05.146 [AWT-EventQueue-0] INFO  ElorES - APLICACIÓN LISTA - Esperando interacción del usuario
2026-01-19 20:00:05.146 [AWT-EventQueue-0] INFO  ElorES - ━━━━━━━━━━━━━━━━━━━━━━━━━━━━━━━━━━━━━━━━━━━━━━━━━━━
2026-01-19 20:00:19.054 [Thread-1] INFO  ElorES - Intentando login con usuario: prueba@gmail.com
2026-01-19 20:00:19.054 [Thread-1] INFO  ElorES - Procesando login...
2026-01-19 20:00:19.054 [Thread-1] INFO  ElorES - Intentando login para: prueba@gmail.com
2026-01-19 20:00:19.055 [Thread-1] DEBUG ElorES - → Enviando: LOGIN
2026-01-19 20:00:19.203 [Thread-1] DEBUG ElorES - ← Recibido: SUCCESS
2026-01-19 20:00:19.203 [Thread-1] DEBUG ElorES - Token de sesión establecido
2026-01-19 20:00:19.203 [Thread-1] DEBUG ElorES - Token de sesión guardado
2026-01-19 20:00:19.203 [Thread-1] INFO  ElorES - ✓ Login exitoso para: prueba
2026-01-19 20:00:19.204 [Thread-1] INFO  ElorES - Login exitoso para: prueba@gmail.com
2026-01-19 20:00:19.205 [AWT-EventQueue-0] INFO  ElorES - Login exitoso para: prueba@gmail.com
2026-01-19 20:00:19.205 [AWT-EventQueue-0] INFO  ElorES - Usuario autenticado: prueba
2026-01-19 20:00:19.207 [AWT-EventQueue-0] DEBUG ElorES - Mostrando panel de menú
2026-01-19 20:00:20.708 [Thread-2] INFO  ElorES - Cargando datos de perfil...
2026-01-19 20:00:20.708 [Thread-2] INFO  ElorES - Obteniendo perfil de usuario...
2026-01-19 20:00:20.708 [Thread-2] DEBUG ElorES - → Enviando: GET_PROFILE
2026-01-19 20:00:20.709 [AWT-EventQueue-0] DEBUG ElorES - Mostrando panel de perfil
2026-01-19 20:00:20.713 [Thread-2] DEBUG ElorES - ← Recibido: SUCCESS
2026-01-19 20:00:20.713 [Thread-2] INFO  ElorES - ✓ Perfil obtenido exitosamente: prueba
2026-01-19 20:00:20.720 [AWT-EventQueue-0] INFO  ElorES - Perfil actualizado en la UI
2026-01-19 20:00:25.516 [Thread-3] INFO  ElorES - Cargando datos de perfil...
2026-01-19 20:00:25.516 [Thread-3] INFO  ElorES - Obteniendo perfil de usuario...
2026-01-19 20:00:25.516 [Thread-3] DEBUG ElorES - → Enviando: GET_PROFILE
2026-01-19 20:00:25.520 [Thread-3] DEBUG ElorES - ← Recibido: SUCCESS
2026-01-19 20:00:25.520 [Thread-3] INFO  ElorES - ✓ Perfil obtenido exitosamente: prueba
2026-01-19 20:00:25.520 [AWT-EventQueue-0] INFO  ElorES - Perfil actualizado en la UI
2026-01-19 20:00:26.132 [Thread-4] INFO  ElorES - Cargando datos de perfil...
2026-01-19 20:00:26.132 [Thread-4] INFO  ElorES - Obteniendo perfil de usuario...
2026-01-19 20:00:26.132 [Thread-4] DEBUG ElorES - → Enviando: GET_PROFILE
2026-01-19 20:00:26.136 [Thread-4] DEBUG ElorES - ← Recibido: SUCCESS
2026-01-19 20:00:26.136 [Thread-4] INFO  ElorES - ✓ Perfil obtenido exitosamente: prueba
2026-01-19 20:00:26.137 [AWT-EventQueue-0] INFO  ElorES - Perfil actualizado en la UI
2026-01-19 20:00:28.684 [Thread-0] INFO  ElorES - Cerrando aplicación...
2026-01-19 20:00:28.684 [Thread-0] INFO  ElorES - Desconectando del servidor...
2026-01-19 20:00:28.685 [Thread-0] INFO  ElorES - ✓ Desconectado del servidor
2026-01-19 20:00:28.685 [Thread-0] INFO  ElorES - ✓ Aplicación cerrada correctamente
2026-01-19 20:18:13.382 [main] INFO  ElorES - Iniciando aplicación ElorES...
2026-01-19 20:18:13.384 [main] INFO  ElorES - Conectando con ElorServ en localhost:9000...
2026-01-19 20:18:13.447 [main] DEBUG ElorES - Servidor: Conectado a ElorServ
2026-01-19 20:18:13.448 [main] INFO  ElorES - Conexión establecida con ElorServ
2026-01-19 20:18:13.448 [main] INFO  ElorES - ✓ Conexión establecida con ElorServ
2026-01-19 20:18:13.448 [main] INFO  ElorES - ━━━━━━━━━━━━━━━━━━━━━━━━━━━━━━━━━━━━━━━━━━━━━━━━━━━
2026-01-19 20:18:13.449 [main] INFO  ElorES - INICIANDO INTERFAZ GRÁFICA
2026-01-19 20:18:13.449 [main] INFO  ElorES - ━━━━━━━━━━━━━━━━━━━━━━━━━━━━━━━━━━━━━━━━━━━━━━━━━━━
2026-01-19 20:18:13.505 [main] INFO  ElorES - ✓ Look and Feel configurado
2026-01-19 20:18:13.628 [AWT-EventQueue-0] INFO  ElorES - MainFrame inicializado
2026-01-19 20:18:13.630 [AWT-EventQueue-0] INFO  ElorES - Inicializando LoginController
2026-01-19 20:18:13.661 [AWT-EventQueue-0] INFO  ElorES - Inicializando MainController
2026-01-19 20:18:13.662 [AWT-EventQueue-0] DEBUG ElorES - → Enviando: GET_PROFILE
2026-01-19 20:18:13.672 [AWT-EventQueue-0] DEBUG ElorES - ← Recibido: UNAUTHORIZED
2026-01-19 20:18:13.672 [AWT-EventQueue-0] ERROR ElorES - Error al obtener perfil: Sesión inválida o expirada. Por favor, inicia sesión nuevamente.
2026-01-19 20:18:13.676 [AWT-EventQueue-0] INFO  ElorES - MenuPanel inicializado
2026-01-19 20:18:13.677 [AWT-EventQueue-0] INFO  ElorES - Inicializando ProfileController
2026-01-19 20:18:13.682 [AWT-EventQueue-0] INFO  ElorES - ProfilePanel inicializado
2026-01-19 20:18:13.683 [AWT-EventQueue-0] INFO  ElorES - Paneles creados correctamente
2026-01-19 20:18:13.683 [AWT-EventQueue-0] DEBUG ElorES - Mostrando panel de login
2026-01-19 20:18:13.693 [AWT-EventQueue-0] INFO  ElorES - ✓ Ventana principal mostrada
2026-01-19 20:18:13.693 [AWT-EventQueue-0] INFO  ElorES - ━━━━━━━━━━━━━━━━━━━━━━━━━━━━━━━━━━━━━━━━━━━━━━━━━━━
2026-01-19 20:18:13.693 [AWT-EventQueue-0] INFO  ElorES - APLICACIÓN LISTA - Esperando interacción del usuario
2026-01-19 20:18:13.693 [AWT-EventQueue-0] INFO  ElorES - ━━━━━━━━━━━━━━━━━━━━━━━━━━━━━━━━━━━━━━━━━━━━━━━━━━━
2026-01-19 20:18:28.516 [Thread-1] INFO  ElorES - Intentando login con usuario: prueba@gmail.com
2026-01-19 20:18:28.516 [Thread-1] INFO  ElorES - Procesando login...
2026-01-19 20:18:28.516 [Thread-1] INFO  ElorES - Intentando login para: prueba@gmail.com
2026-01-19 20:18:28.516 [Thread-1] DEBUG ElorES - → Enviando: LOGIN
2026-01-19 20:18:28.990 [Thread-1] DEBUG ElorES - ← Recibido: SUCCESS
2026-01-19 20:18:28.990 [Thread-1] DEBUG ElorES - Token de sesión establecido
2026-01-19 20:18:28.990 [Thread-1] DEBUG ElorES - Token de sesión guardado
2026-01-19 20:18:28.990 [Thread-1] INFO  ElorES - ✓ Login exitoso para: prueba
2026-01-19 20:18:28.990 [Thread-1] INFO  ElorES - Login exitoso para: prueba@gmail.com
2026-01-19 20:18:28.992 [AWT-EventQueue-0] INFO  ElorES - Login exitoso para: prueba@gmail.com
2026-01-19 20:18:28.992 [AWT-EventQueue-0] INFO  ElorES - Usuario autenticado: prueba
2026-01-19 20:18:28.993 [AWT-EventQueue-0] DEBUG ElorES - Mostrando panel de menú
2026-01-19 20:18:30.026 [Thread-2] INFO  ElorES - Cargando datos de perfil...
2026-01-19 20:18:30.027 [Thread-2] INFO  ElorES - Obteniendo perfil de usuario...
2026-01-19 20:18:30.027 [Thread-2] DEBUG ElorES - → Enviando: GET_PROFILE
2026-01-19 20:18:30.029 [AWT-EventQueue-0] DEBUG ElorES - Mostrando panel de perfil
2026-01-19 20:18:30.033 [Thread-2] DEBUG ElorES - ← Recibido: SUCCESS
2026-01-19 20:18:30.033 [Thread-2] INFO  ElorES - ✓ Perfil obtenido exitosamente: prueba
2026-01-19 20:18:30.041 [AWT-EventQueue-0] INFO  ElorES - Perfil actualizado en la UI
2026-01-19 20:18:31.618 [Thread-3] INFO  ElorES - Cargando datos de perfil...
2026-01-19 20:18:31.618 [Thread-3] INFO  ElorES - Obteniendo perfil de usuario...
2026-01-19 20:18:31.618 [Thread-3] DEBUG ElorES - → Enviando: GET_PROFILE
2026-01-19 20:18:31.624 [Thread-3] DEBUG ElorES - ← Recibido: SUCCESS
2026-01-19 20:18:31.624 [Thread-3] INFO  ElorES - ✓ Perfil obtenido exitosamente: prueba
2026-01-19 20:18:31.624 [AWT-EventQueue-0] INFO  ElorES - Perfil actualizado en la UI
2026-01-19 20:18:36.940 [AWT-EventQueue-0] DEBUG ElorES - Mostrando panel de menú
2026-01-19 20:18:41.456 [AWT-EventQueue-0] INFO  ElorES - Cerrando sesión...
2026-01-19 20:18:41.457 [AWT-EventQueue-0] DEBUG ElorES - Mostrando panel de login
2026-01-19 20:18:45.403 [Thread-0] INFO  ElorES - Cerrando aplicación...
2026-01-19 20:18:45.403 [Thread-0] INFO  ElorES - Desconectando del servidor...
2026-01-19 20:18:45.404 [Thread-0] INFO  ElorES - ✓ Desconectado del servidor
2026-01-19 20:18:45.404 [Thread-0] INFO  ElorES - ✓ Aplicación cerrada correctamente
2026-01-19 20:19:39.145 [main] INFO  ElorES - Iniciando aplicación ElorES...
2026-01-19 20:19:39.147 [main] INFO  ElorES - Conectando con ElorServ en localhost:9000...
2026-01-19 20:19:39.211 [main] DEBUG ElorES - Servidor: Conectado a ElorServ
2026-01-19 20:19:39.211 [main] INFO  ElorES - Conexión establecida con ElorServ
2026-01-19 20:19:39.211 [main] INFO  ElorES - ✓ Conexión establecida con ElorServ
2026-01-19 20:19:39.212 [main] INFO  ElorES - ━━━━━━━━━━━━━━━━━━━━━━━━━━━━━━━━━━━━━━━━━━━━━━━━━━━
2026-01-19 20:19:39.212 [main] INFO  ElorES - INICIANDO INTERFAZ GRÁFICA
2026-01-19 20:19:39.212 [main] INFO  ElorES - ━━━━━━━━━━━━━━━━━━━━━━━━━━━━━━━━━━━━━━━━━━━━━━━━━━━
2026-01-19 20:19:39.271 [main] INFO  ElorES - ✓ Look and Feel configurado
2026-01-19 20:19:39.397 [AWT-EventQueue-0] INFO  ElorES - MainFrame inicializado
2026-01-19 20:19:39.399 [AWT-EventQueue-0] INFO  ElorES - Inicializando LoginController
2026-01-19 20:19:39.431 [AWT-EventQueue-0] INFO  ElorES - Inicializando MainController
2026-01-19 20:19:39.432 [AWT-EventQueue-0] DEBUG ElorES - → Enviando: GET_PROFILE
2026-01-19 20:19:39.441 [AWT-EventQueue-0] DEBUG ElorES - ← Recibido: UNAUTHORIZED
2026-01-19 20:19:39.442 [AWT-EventQueue-0] ERROR ElorES - Error al obtener perfil: Sesión inválida o expirada. Por favor, inicia sesión nuevamente.
2026-01-19 20:19:39.445 [AWT-EventQueue-0] INFO  ElorES - MenuPanel inicializado
2026-01-19 20:19:39.447 [AWT-EventQueue-0] INFO  ElorES - Inicializando ProfileController
2026-01-19 20:19:39.453 [AWT-EventQueue-0] INFO  ElorES - ProfilePanel inicializado
2026-01-19 20:19:39.454 [AWT-EventQueue-0] INFO  ElorES - Paneles creados correctamente
2026-01-19 20:19:39.454 [AWT-EventQueue-0] DEBUG ElorES - Mostrando panel de login
2026-01-19 20:19:39.465 [AWT-EventQueue-0] INFO  ElorES - ✓ Ventana principal mostrada
2026-01-19 20:19:39.465 [AWT-EventQueue-0] INFO  ElorES - ━━━━━━━━━━━━━━━━━━━━━━━━━━━━━━━━━━━━━━━━━━━━━━━━━━━
2026-01-19 20:19:39.465 [AWT-EventQueue-0] INFO  ElorES - APLICACIÓN LISTA - Esperando interacción del usuario
2026-01-19 20:19:39.466 [AWT-EventQueue-0] INFO  ElorES - ━━━━━━━━━━━━━━━━━━━━━━━━━━━━━━━━━━━━━━━━━━━━━━━━━━━
2026-01-19 20:19:42.275 [Thread-0] INFO  ElorES - Cerrando aplicación...
2026-01-19 20:19:42.275 [Thread-0] INFO  ElorES - Desconectando del servidor...
2026-01-19 20:19:42.276 [Thread-0] INFO  ElorES - ✓ Desconectado del servidor
2026-01-19 20:19:42.276 [Thread-0] INFO  ElorES - ✓ Aplicación cerrada correctamente
2026-01-19 20:20:33.030 [main] INFO  ElorES - Iniciando aplicación ElorES...
2026-01-19 20:20:33.032 [main] INFO  ElorES - Conectando con ElorServ en localhost:9000...
2026-01-19 20:20:33.094 [main] DEBUG ElorES - Servidor: Conectado a ElorServ
2026-01-19 20:20:33.094 [main] INFO  ElorES - Conexión establecida con ElorServ
2026-01-19 20:20:33.094 [main] INFO  ElorES - ✓ Conexión establecida con ElorServ
2026-01-19 20:20:33.095 [main] INFO  ElorES - ━━━━━━━━━━━━━━━━━━━━━━━━━━━━━━━━━━━━━━━━━━━━━━━━━━━
2026-01-19 20:20:33.096 [main] INFO  ElorES - INICIANDO INTERFAZ GRÁFICA
2026-01-19 20:20:33.096 [main] INFO  ElorES - ━━━━━━━━━━━━━━━━━━━━━━━━━━━━━━━━━━━━━━━━━━━━━━━━━━━
2026-01-19 20:20:33.151 [main] INFO  ElorES - ✓ Look and Feel configurado
2026-01-19 20:20:33.271 [AWT-EventQueue-0] INFO  ElorES - MainFrame inicializado
2026-01-19 20:20:33.273 [AWT-EventQueue-0] INFO  ElorES - Inicializando LoginController
2026-01-19 20:20:33.306 [AWT-EventQueue-0] INFO  ElorES - Inicializando MainController
2026-01-19 20:20:33.307 [AWT-EventQueue-0] DEBUG ElorES - → Enviando: GET_PROFILE
2026-01-19 20:20:33.316 [AWT-EventQueue-0] DEBUG ElorES - ← Recibido: UNAUTHORIZED
2026-01-19 20:20:33.317 [AWT-EventQueue-0] ERROR ElorES - Error al obtener perfil: Sesión inválida o expirada. Por favor, inicia sesión nuevamente.
2026-01-19 20:20:33.320 [AWT-EventQueue-0] INFO  ElorES - MenuPanel inicializado
2026-01-19 20:20:33.322 [AWT-EventQueue-0] INFO  ElorES - Inicializando ProfileController
2026-01-19 20:20:33.327 [AWT-EventQueue-0] INFO  ElorES - ProfilePanel inicializado
2026-01-19 20:20:33.328 [AWT-EventQueue-0] INFO  ElorES - Paneles creados correctamente
2026-01-19 20:20:33.328 [AWT-EventQueue-0] DEBUG ElorES - Mostrando panel de login
2026-01-19 20:20:33.337 [AWT-EventQueue-0] INFO  ElorES - ✓ Ventana principal mostrada
2026-01-19 20:20:33.337 [AWT-EventQueue-0] INFO  ElorES - ━━━━━━━━━━━━━━━━━━━━━━━━━━━━━━━━━━━━━━━━━━━━━━━━━━━
2026-01-19 20:20:33.337 [AWT-EventQueue-0] INFO  ElorES - APLICACIÓN LISTA - Esperando interacción del usuario
2026-01-19 20:20:33.337 [AWT-EventQueue-0] INFO  ElorES - ━━━━━━━━━━━━━━━━━━━━━━━━━━━━━━━━━━━━━━━━━━━━━━━━━━━
2026-01-19 20:20:35.891 [Thread-0] INFO  ElorES - Cerrando aplicación...
2026-01-19 20:20:35.891 [Thread-0] INFO  ElorES - Desconectando del servidor...
2026-01-19 20:20:35.892 [Thread-0] INFO  ElorES - ✓ Desconectado del servidor
2026-01-19 20:20:35.892 [Thread-0] INFO  ElorES - ✓ Aplicación cerrada correctamente
2026-01-19 20:41:21.326 [main] INFO  ElorES - Iniciando aplicación ElorES...
2026-01-19 20:41:21.328 [main] INFO  ElorES - Conectando con ElorServ en localhost:9000...
2026-01-19 20:41:21.391 [main] DEBUG ElorES - Servidor: Conectado a ElorServ
2026-01-19 20:41:21.392 [main] INFO  ElorES - Conexión establecida con ElorServ
2026-01-19 20:41:21.392 [main] INFO  ElorES - ✓ Conexión establecida con ElorServ
2026-01-19 20:41:21.393 [main] INFO  ElorES - ━━━━━━━━━━━━━━━━━━━━━━━━━━━━━━━━━━━━━━━━━━━━━━━━━━━
2026-01-19 20:41:21.393 [main] INFO  ElorES - INICIANDO INTERFAZ GRÁFICA
2026-01-19 20:41:21.394 [main] INFO  ElorES - ━━━━━━━━━━━━━━━━━━━━━━━━━━━━━━━━━━━━━━━━━━━━━━━━━━━
2026-01-19 20:41:21.451 [main] INFO  ElorES - ✓ Look and Feel configurado
2026-01-19 20:41:21.574 [AWT-EventQueue-0] INFO  ElorES - MainFrame inicializado
2026-01-19 20:41:21.577 [AWT-EventQueue-0] INFO  ElorES - Inicializando LoginController
2026-01-19 20:41:21.609 [AWT-EventQueue-0] INFO  ElorES - Inicializando MainController
2026-01-19 20:41:21.609 [AWT-EventQueue-0] DEBUG ElorES - → Enviando: GET_PROFILE
2026-01-19 20:41:21.620 [AWT-EventQueue-0] DEBUG ElorES - ← Recibido: UNAUTHORIZED
2026-01-19 20:41:21.620 [AWT-EventQueue-0] ERROR ElorES - Error al obtener perfil: Sesión inválida o expirada. Por favor, inicia sesión nuevamente.
2026-01-19 20:41:21.623 [AWT-EventQueue-0] INFO  ElorES - MenuPanel inicializado
2026-01-19 20:41:21.625 [AWT-EventQueue-0] INFO  ElorES - Inicializando ProfileController
2026-01-19 20:41:21.630 [AWT-EventQueue-0] INFO  ElorES - ProfilePanel inicializado
2026-01-19 20:41:21.632 [AWT-EventQueue-0] INFO  ElorES - Inicializando AlumnosController
2026-01-19 20:41:21.662 [AWT-EventQueue-0] INFO  ElorES - AlumnosPanel inicializado
2026-01-19 20:41:21.663 [AWT-EventQueue-0] INFO  ElorES - Paneles creados correctamente
2026-01-19 20:41:21.663 [AWT-EventQueue-0] DEBUG ElorES - Mostrando panel de login
2026-01-19 20:41:21.672 [AWT-EventQueue-0] INFO  ElorES - ✓ Ventana principal mostrada
2026-01-19 20:41:21.672 [AWT-EventQueue-0] INFO  ElorES - ━━━━━━━━━━━━━━━━━━━━━━━━━━━━━━━━━━━━━━━━━━━━━━━━━━━
2026-01-19 20:41:21.673 [AWT-EventQueue-0] INFO  ElorES - APLICACIÓN LISTA - Esperando interacción del usuario
2026-01-19 20:41:21.673 [AWT-EventQueue-0] INFO  ElorES - ━━━━━━━━━━━━━━━━━━━━━━━━━━━━━━━━━━━━━━━━━━━━━━━━━━━
2026-01-19 20:41:46.728 [Thread-1] INFO  ElorES - Intentando login con usuario: prueba@gmail.com
2026-01-19 20:41:46.729 [Thread-1] INFO  ElorES - Procesando login...
2026-01-19 20:41:46.729 [Thread-1] INFO  ElorES - Intentando login para: prueba@gmail.com
2026-01-19 20:41:46.729 [Thread-1] DEBUG ElorES - → Enviando: LOGIN
2026-01-19 20:41:47.028 [Thread-1] DEBUG ElorES - ← Recibido: SUCCESS
2026-01-19 20:41:47.028 [Thread-1] DEBUG ElorES - Token de sesión establecido
2026-01-19 20:41:47.028 [Thread-1] DEBUG ElorES - Token de sesión guardado
2026-01-19 20:41:47.028 [Thread-1] INFO  ElorES - ✓ Login exitoso para: prueba
2026-01-19 20:41:47.029 [Thread-1] WARN  ElorES - Intento de login de usuario no autorizado: prueba@gmail.com (tipo: 1)
2026-01-19 20:41:47.036 [AWT-EventQueue-0] ERROR ElorES - Login fallido para: prueba@gmail.com
2026-01-19 20:42:00.825 [Thread-2] INFO  ElorES - Intentando login con usuario: nere.barbar@elorrieta.com
2026-01-19 20:42:00.825 [Thread-2] INFO  ElorES - Procesando login...
2026-01-19 20:42:00.825 [Thread-2] INFO  ElorES - Intentando login para: nere.barbar@elorrieta.com
2026-01-19 20:42:00.825 [Thread-2] DEBUG ElorES - → Enviando: LOGIN
2026-01-19 20:42:00.854 [Thread-2] DEBUG ElorES - ← Recibido: SUCCESS
2026-01-19 20:42:00.854 [Thread-2] DEBUG ElorES - Token de sesión establecido
2026-01-19 20:42:00.854 [Thread-2] DEBUG ElorES - Token de sesión guardado
2026-01-19 20:42:00.854 [Thread-2] INFO  ElorES - ✓ Login exitoso para: nelgezabal
2026-01-19 20:42:00.855 [Thread-2] INFO  ElorES - Login exitoso para profesor: nere.barbar@elorrieta.com
2026-01-19 20:42:00.857 [AWT-EventQueue-0] INFO  ElorES - Login exitoso para: nere.barbar@elorrieta.com
2026-01-19 20:42:00.857 [AWT-EventQueue-0] INFO  ElorES - Usuario autenticado: nelgezabal
2026-01-19 20:42:00.858 [AWT-EventQueue-0] INFO  ElorES - Usuario actual establecido: nelgezabal
2026-01-19 20:42:00.858 [AWT-EventQueue-0] INFO  ElorES - Usuario en sesión: nelgezabal
2026-01-19 20:42:00.860 [AWT-EventQueue-0] DEBUG ElorES - Mostrando panel de menú
2026-01-19 20:42:02.929 [Thread-3] INFO  ElorES - Cargando lista de alumnos...
2026-01-19 20:42:02.929 [Thread-3] INFO  ElorES - Obteniendo lista de alumnos...
2026-01-19 20:42:02.929 [Thread-3] DEBUG ElorES - → Enviando: GET_ALUMNOS
2026-01-19 20:42:02.931 [AWT-EventQueue-0] DEBUG ElorES - Mostrando panel de alumnos
2026-01-19 20:42:02.942 [Thread-3] DEBUG ElorES - ← Recibido: SUCCESS
2026-01-19 20:42:02.943 [Thread-3] INFO  ElorES - Alumnos obtenidos correctamente: 4
2026-01-19 20:42:02.943 [Thread-3] INFO  ElorES - ✓ Se obtuvieron 4 alumnos
2026-01-19 20:42:02.960 [AWT-EventQueue-0] INFO  ElorES - ✓ Lista de alumnos cargada: 4 alumnos
2026-01-19 20:42:16.815 [AWT-EventQueue-0] INFO  ElorES - Usuario en sesión: nelgezabal
2026-01-19 20:42:16.818 [AWT-EventQueue-0] DEBUG ElorES - Mostrando panel de menú
2026-01-19 20:42:17.896 [Thread-0] INFO  ElorES - Cerrando aplicación...
2026-01-19 20:42:17.897 [Thread-0] INFO  ElorES - Desconectando del servidor...
2026-01-19 20:42:17.898 [Thread-0] INFO  ElorES - ✓ Desconectado del servidor
2026-01-19 20:42:17.898 [Thread-0] INFO  ElorES - ✓ Aplicación cerrada correctamente
2026-01-19 20:42:39.150 [main] INFO  ElorES - Iniciando aplicación ElorES...
2026-01-19 20:42:39.152 [main] INFO  ElorES - Conectando con ElorServ en localhost:9000...
2026-01-19 20:42:39.219 [main] DEBUG ElorES - Servidor: Conectado a ElorServ
2026-01-19 20:42:39.219 [main] INFO  ElorES - Conexión establecida con ElorServ
2026-01-19 20:42:39.219 [main] INFO  ElorES - ✓ Conexión establecida con ElorServ
2026-01-19 20:42:39.221 [main] INFO  ElorES - ━━━━━━━━━━━━━━━━━━━━━━━━━━━━━━━━━━━━━━━━━━━━━━━━━━━
2026-01-19 20:42:39.221 [main] INFO  ElorES - INICIANDO INTERFAZ GRÁFICA
2026-01-19 20:42:39.221 [main] INFO  ElorES - ━━━━━━━━━━━━━━━━━━━━━━━━━━━━━━━━━━━━━━━━━━━━━━━━━━━
2026-01-19 20:42:39.285 [main] INFO  ElorES - ✓ Look and Feel configurado
2026-01-19 20:42:39.408 [AWT-EventQueue-0] INFO  ElorES - MainFrame inicializado
2026-01-19 20:42:39.410 [AWT-EventQueue-0] INFO  ElorES - Inicializando LoginController
2026-01-19 20:42:39.444 [AWT-EventQueue-0] INFO  ElorES - Inicializando MainController
2026-01-19 20:42:39.444 [AWT-EventQueue-0] DEBUG ElorES - → Enviando: GET_PROFILE
2026-01-19 20:42:39.455 [AWT-EventQueue-0] DEBUG ElorES - ← Recibido: UNAUTHORIZED
2026-01-19 20:42:39.455 [AWT-EventQueue-0] ERROR ElorES - Error al obtener perfil: Sesión inválida o expirada. Por favor, inicia sesión nuevamente.
2026-01-19 20:42:39.458 [AWT-EventQueue-0] INFO  ElorES - MenuPanel inicializado
2026-01-19 20:42:39.460 [AWT-EventQueue-0] INFO  ElorES - Inicializando ProfileController
2026-01-19 20:42:39.466 [AWT-EventQueue-0] INFO  ElorES - ProfilePanel inicializado
2026-01-19 20:42:39.468 [AWT-EventQueue-0] INFO  ElorES - Inicializando AlumnosController
2026-01-19 20:42:39.490 [AWT-EventQueue-0] INFO  ElorES - AlumnosPanel inicializado
2026-01-19 20:42:39.491 [AWT-EventQueue-0] INFO  ElorES - Paneles creados correctamente
2026-01-19 20:42:39.491 [AWT-EventQueue-0] DEBUG ElorES - Mostrando panel de login
2026-01-19 20:42:39.504 [AWT-EventQueue-0] INFO  ElorES - ✓ Ventana principal mostrada
2026-01-19 20:42:39.504 [AWT-EventQueue-0] INFO  ElorES - ━━━━━━━━━━━━━━━━━━━━━━━━━━━━━━━━━━━━━━━━━━━━━━━━━━━
2026-01-19 20:42:39.504 [AWT-EventQueue-0] INFO  ElorES - APLICACIÓN LISTA - Esperando interacción del usuario
2026-01-19 20:42:39.504 [AWT-EventQueue-0] INFO  ElorES - ━━━━━━━━━━━━━━━━━━━━━━━━━━━━━━━━━━━━━━━━━━━━━━━━━━━
2026-01-19 20:42:43.947 [Thread-1] INFO  ElorES - Intentando login con usuario: nere.barbar@elorrieta.com
2026-01-19 20:42:43.947 [Thread-1] INFO  ElorES - Procesando login...
2026-01-19 20:42:43.947 [Thread-1] INFO  ElorES - Intentando login para: nere.barbar@elorrieta.com
2026-01-19 20:42:43.947 [Thread-1] DEBUG ElorES - → Enviando: LOGIN
2026-01-19 20:42:44.120 [Thread-1] DEBUG ElorES - ← Recibido: SUCCESS
2026-01-19 20:42:44.120 [Thread-1] DEBUG ElorES - Token de sesión establecido
2026-01-19 20:42:44.120 [Thread-1] DEBUG ElorES - Token de sesión guardado
2026-01-19 20:42:44.120 [Thread-1] INFO  ElorES - ✓ Login exitoso para: nelgezabal
2026-01-19 20:42:44.121 [Thread-1] INFO  ElorES - Login exitoso para profesor: nere.barbar@elorrieta.com
2026-01-19 20:42:44.122 [AWT-EventQueue-0] INFO  ElorES - Login exitoso para: nere.barbar@elorrieta.com
2026-01-19 20:42:44.122 [AWT-EventQueue-0] INFO  ElorES - Usuario autenticado: nelgezabal
2026-01-19 20:42:44.123 [AWT-EventQueue-0] INFO  ElorES - Usuario actual establecido: nelgezabal
2026-01-19 20:42:44.123 [AWT-EventQueue-0] INFO  ElorES - Usuario en sesión: nelgezabal
2026-01-19 20:42:44.125 [AWT-EventQueue-0] DEBUG ElorES - Mostrando panel de menú
2026-01-19 20:42:45.449 [Thread-2] INFO  ElorES - Cargando lista de alumnos...
2026-01-19 20:42:45.449 [Thread-2] INFO  ElorES - Obteniendo lista de alumnos...
2026-01-19 20:42:45.449 [Thread-2] DEBUG ElorES - → Enviando: GET_ALUMNOS
2026-01-19 20:42:45.451 [AWT-EventQueue-0] DEBUG ElorES - Mostrando panel de alumnos
2026-01-19 20:42:45.458 [Thread-2] DEBUG ElorES - ← Recibido: SUCCESS
2026-01-19 20:42:45.458 [Thread-2] INFO  ElorES - Alumnos obtenidos correctamente: 4
2026-01-19 20:42:45.458 [Thread-2] INFO  ElorES - ✓ Se obtuvieron 4 alumnos
2026-01-19 20:42:45.474 [AWT-EventQueue-0] INFO  ElorES - ✓ Lista de alumnos cargada: 4 alumnos
2026-01-19 20:42:46.280 [AWT-EventQueue-0] INFO  ElorES - Mostrando detalle de alumno: alumno2
2026-01-19 20:42:46.688 [AWT-EventQueue-0] INFO  ElorES - Mostrando detalle de alumno: alumno1
2026-01-19 20:42:47.144 [AWT-EventQueue-0] INFO  ElorES - Mostrando detalle de alumno: alumno2
2026-01-19 20:42:47.640 [AWT-EventQueue-0] INFO  ElorES - Mostrando detalle de alumno: alumno3
2026-01-19 20:42:47.976 [AWT-EventQueue-0] INFO  ElorES - Mostrando detalle de alumno: alumno4
2026-01-19 20:42:48.825 [AWT-EventQueue-0] INFO  ElorES - Mostrando detalle de alumno: alumno3
2026-01-19 20:42:49.264 [AWT-EventQueue-0] INFO  ElorES - Mostrando detalle de alumno: alumno2
2026-01-19 20:42:49.528 [AWT-EventQueue-0] INFO  ElorES - Mostrando detalle de alumno: alumno1
2026-01-19 20:42:50.000 [AWT-EventQueue-0] INFO  ElorES - Mostrando detalle de alumno: alumno3
2026-01-19 20:42:51.010 [AWT-EventQueue-0] INFO  ElorES - Mostrando detalle de alumno: alumno4
2026-01-19 20:42:51.992 [AWT-EventQueue-0] INFO  ElorES - Mostrando detalle de alumno: alumno3
2026-01-19 20:42:52.512 [AWT-EventQueue-0] INFO  ElorES - Mostrando detalle de alumno: alumno1
2026-01-19 20:42:53.441 [AWT-EventQueue-0] INFO  ElorES - Mostrando detalle de alumno: alumno2
2026-01-19 20:42:53.768 [AWT-EventQueue-0] INFO  ElorES - Mostrando detalle de alumno: alumno3
2026-01-19 20:42:58.363 [Thread-3] INFO  ElorES - Filtrando alumnos por ciclo: 1
2026-01-19 20:42:58.364 [Thread-3] DEBUG ElorES - → Enviando: FILTER_ALUMNOS_BY_CICLO
2026-01-19 20:42:58.366 [Thread-3] DEBUG ElorES - ← Recibido: SUCCESS
2026-01-19 20:42:58.368 [Thread-3] INFO  ElorES - ✓ Se obtuvieron 0 alumnos del ciclo 1
2026-01-19 20:42:59.458 [Thread-4] INFO  ElorES - Filtrando alumnos por ciclo: 2
2026-01-19 20:42:59.458 [Thread-4] DEBUG ElorES - → Enviando: FILTER_ALUMNOS_BY_CICLO
2026-01-19 20:42:59.460 [Thread-4] DEBUG ElorES - ← Recibido: SUCCESS
2026-01-19 20:42:59.460 [Thread-4] INFO  ElorES - ✓ Se obtuvieron 0 alumnos del ciclo 2
2026-01-19 20:43:00.522 [Thread-5] INFO  ElorES - Filtrando alumnos por ciclo: 3
2026-01-19 20:43:00.523 [Thread-5] DEBUG ElorES - → Enviando: FILTER_ALUMNOS_BY_CICLO
2026-01-19 20:43:00.525 [Thread-5] DEBUG ElorES - ← Recibido: SUCCESS
2026-01-19 20:43:00.525 [Thread-5] INFO  ElorES - ✓ Se obtuvieron 0 alumnos del ciclo 3
2026-01-19 20:43:02.378 [Thread-6] INFO  ElorES - Filtrando alumnos por ciclo: 4
2026-01-19 20:43:02.378 [Thread-6] DEBUG ElorES - → Enviando: FILTER_ALUMNOS_BY_CICLO
2026-01-19 20:43:02.380 [Thread-6] DEBUG ElorES - ← Recibido: SUCCESS
2026-01-19 20:43:02.380 [Thread-6] INFO  ElorES - ✓ Se obtuvieron 0 alumnos del ciclo 4
2026-01-19 20:43:03.634 [Thread-7] INFO  ElorES - Filtrando alumnos por ciclo: 5
2026-01-19 20:43:03.634 [Thread-7] DEBUG ElorES - → Enviando: FILTER_ALUMNOS_BY_CICLO
2026-01-19 20:43:03.636 [Thread-7] DEBUG ElorES - ← Recibido: SUCCESS
2026-01-19 20:43:03.636 [Thread-7] INFO  ElorES - ✓ Se obtuvieron 0 alumnos del ciclo 5
2026-01-19 20:43:56.859 [Thread-8] INFO  ElorES - Filtrando alumnos por ciclo: 3
2026-01-19 20:43:56.860 [Thread-8] DEBUG ElorES - → Enviando: FILTER_ALUMNOS_BY_CICLO
2026-01-19 20:43:56.861 [Thread-8] DEBUG ElorES - ← Recibido: SUCCESS
2026-01-19 20:43:56.862 [Thread-8] INFO  ElorES - ✓ Se obtuvieron 0 alumnos del ciclo 3
2026-01-19 20:43:58.243 [Thread-9] INFO  ElorES - Filtrando alumnos por ciclo: 1
2026-01-19 20:43:58.243 [Thread-9] DEBUG ElorES - → Enviando: FILTER_ALUMNOS_BY_CICLO
2026-01-19 20:43:58.246 [Thread-9] DEBUG ElorES - ← Recibido: SUCCESS
2026-01-19 20:43:58.246 [Thread-9] INFO  ElorES - ✓ Se obtuvieron 0 alumnos del ciclo 1
2026-01-19 20:50:52.605 [main] INFO  ElorES - Iniciando aplicación ElorES...
2026-01-19 20:50:52.607 [main] INFO  ElorES - Conectando con ElorServ en localhost:9000...
2026-01-19 20:50:52.677 [main] DEBUG ElorES - Servidor: Conectado a ElorServ
2026-01-19 20:50:52.677 [main] INFO  ElorES - Conexión establecida con ElorServ
2026-01-19 20:50:52.677 [main] INFO  ElorES - ✓ Conexión establecida con ElorServ
2026-01-19 20:50:52.678 [main] INFO  ElorES - ━━━━━━━━━━━━━━━━━━━━━━━━━━━━━━━━━━━━━━━━━━━━━━━━━━━
2026-01-19 20:50:52.679 [main] INFO  ElorES - INICIANDO INTERFAZ GRÁFICA
2026-01-19 20:50:52.679 [main] INFO  ElorES - ━━━━━━━━━━━━━━━━━━━━━━━━━━━━━━━━━━━━━━━━━━━━━━━━━━━
2026-01-19 20:50:52.738 [main] INFO  ElorES - ✓ Look and Feel configurado
2026-01-19 20:50:52.866 [AWT-EventQueue-0] INFO  ElorES - MainFrame inicializado
2026-01-19 20:50:52.868 [AWT-EventQueue-0] INFO  ElorES - Inicializando LoginController
2026-01-19 20:50:52.901 [AWT-EventQueue-0] INFO  ElorES - Inicializando MainController
2026-01-19 20:50:52.902 [AWT-EventQueue-0] DEBUG ElorES - → Enviando: GET_PROFILE
2026-01-19 20:50:52.911 [AWT-EventQueue-0] DEBUG ElorES - ← Recibido: UNAUTHORIZED
2026-01-19 20:50:52.912 [AWT-EventQueue-0] ERROR ElorES - Error al obtener perfil: Sesión inválida o expirada. Por favor, inicia sesión nuevamente.
2026-01-19 20:50:52.916 [AWT-EventQueue-0] INFO  ElorES - MenuPanel inicializado
2026-01-19 20:50:52.917 [AWT-EventQueue-0] INFO  ElorES - Inicializando ProfileController
2026-01-19 20:50:52.922 [AWT-EventQueue-0] INFO  ElorES - ProfilePanel inicializado
2026-01-19 20:50:52.924 [AWT-EventQueue-0] INFO  ElorES - Inicializando AlumnosController
2026-01-19 20:50:52.945 [AWT-EventQueue-0] INFO  ElorES - AlumnosPanel inicializado
2026-01-19 20:50:52.946 [AWT-EventQueue-0] INFO  ElorES - Paneles creados correctamente
2026-01-19 20:50:52.946 [AWT-EventQueue-0] DEBUG ElorES - Mostrando panel de login
2026-01-19 20:50:52.957 [AWT-EventQueue-0] INFO  ElorES - ✓ Ventana principal mostrada
2026-01-19 20:50:52.957 [AWT-EventQueue-0] INFO  ElorES - ━━━━━━━━━━━━━━━━━━━━━━━━━━━━━━━━━━━━━━━━━━━━━━━━━━━
2026-01-19 20:50:52.957 [AWT-EventQueue-0] INFO  ElorES - APLICACIÓN LISTA - Esperando interacción del usuario
2026-01-19 20:50:52.958 [AWT-EventQueue-0] INFO  ElorES - ━━━━━━━━━━━━━━━━━━━━━━━━━━━━━━━━━━━━━━━━━━━━━━━━━━━
2026-01-19 20:51:02.682 [Thread-1] INFO  ElorES - Intentando login con usuario: nere.barbar@elorrieta.com
2026-01-19 20:51:02.682 [Thread-1] INFO  ElorES - Procesando login...
2026-01-19 20:51:02.682 [Thread-1] INFO  ElorES - Intentando login para: nere.barbar@elorrieta.com
2026-01-19 20:51:02.682 [Thread-1] DEBUG ElorES - → Enviando: LOGIN
2026-01-19 20:51:03.005 [Thread-1] DEBUG ElorES - ← Recibido: SUCCESS
2026-01-19 20:51:03.006 [Thread-1] DEBUG ElorES - Token de sesión establecido
2026-01-19 20:51:03.006 [Thread-1] DEBUG ElorES - Token de sesión guardado
2026-01-19 20:51:03.006 [Thread-1] INFO  ElorES - ✓ Login exitoso para: nelgezabal
2026-01-19 20:51:03.006 [Thread-1] INFO  ElorES - Login exitoso para profesor: nere.barbar@elorrieta.com
2026-01-19 20:51:03.008 [AWT-EventQueue-0] INFO  ElorES - Login exitoso para: nere.barbar@elorrieta.com
2026-01-19 20:51:03.008 [AWT-EventQueue-0] INFO  ElorES - Usuario autenticado: nelgezabal
2026-01-19 20:51:03.008 [AWT-EventQueue-0] INFO  ElorES - Usuario actual establecido: nelgezabal
2026-01-19 20:51:03.009 [AWT-EventQueue-0] INFO  ElorES - Usuario en sesión: nelgezabal
2026-01-19 20:51:03.010 [AWT-EventQueue-0] DEBUG ElorES - Mostrando panel de menú
2026-01-19 20:51:04.321 [Thread-2] INFO  ElorES - Cargando lista de alumnos...
2026-01-19 20:51:04.321 [Thread-2] INFO  ElorES - Obteniendo lista de alumnos...
2026-01-19 20:51:04.321 [Thread-2] DEBUG ElorES - → Enviando: GET_ALUMNOS
2026-01-19 20:51:04.323 [AWT-EventQueue-0] DEBUG ElorES - Mostrando panel de alumnos
2026-01-19 20:51:04.333 [Thread-2] DEBUG ElorES - ← Recibido: SUCCESS
2026-01-19 20:51:04.333 [Thread-2] INFO  ElorES - Alumnos obtenidos correctamente: 4
2026-01-19 20:51:04.333 [Thread-2] INFO  ElorES - ✓ Se obtuvieron 4 alumnos
2026-01-19 20:51:04.345 [AWT-EventQueue-0] INFO  ElorES - ✓ Lista de alumnos cargada: 4 alumnos
2026-01-19 20:51:05.727 [AWT-EventQueue-0] INFO  ElorES - Usuario en sesión: nelgezabal
2026-01-19 20:51:05.730 [AWT-EventQueue-0] DEBUG ElorES - Mostrando panel de menú
2026-01-19 20:51:06.984 [Thread-3] INFO  ElorES - Cargando lista de alumnos...
2026-01-19 20:51:06.984 [Thread-3] INFO  ElorES - Obteniendo lista de alumnos...
2026-01-19 20:51:06.984 [Thread-3] DEBUG ElorES - → Enviando: GET_ALUMNOS
2026-01-19 20:51:06.986 [AWT-EventQueue-0] DEBUG ElorES - Mostrando panel de alumnos
2026-01-19 20:51:06.991 [Thread-3] DEBUG ElorES - ← Recibido: SUCCESS
2026-01-19 20:51:06.991 [Thread-3] INFO  ElorES - Alumnos obtenidos correctamente: 4
2026-01-19 20:51:06.991 [Thread-3] INFO  ElorES - ✓ Se obtuvieron 4 alumnos
2026-01-19 20:51:06.992 [AWT-EventQueue-0] INFO  ElorES - ✓ Lista de alumnos cargada: 4 alumnos
2026-01-19 20:51:08.546 [AWT-EventQueue-0] INFO  ElorES - Filtrado local por curso 1: 0 alumnos
2026-01-19 20:51:10.690 [Thread-4] INFO  ElorES - Filtrando alumnos por ciclo: 1
2026-01-19 20:51:10.690 [Thread-4] DEBUG ElorES - → Enviando: FILTER_ALUMNOS_BY_CICLO
2026-01-19 20:51:10.694 [Thread-4] DEBUG ElorES - ← Recibido: SUCCESS
2026-01-19 20:51:10.696 [Thread-4] INFO  ElorES - ✓ Se obtuvieron 0 alumnos del ciclo 1
2026-01-19 20:51:11.633 [Thread-5] INFO  ElorES - Filtrando alumnos por ciclo: 2
2026-01-19 20:51:11.633 [Thread-5] DEBUG ElorES - → Enviando: FILTER_ALUMNOS_BY_CICLO
2026-01-19 20:51:11.635 [Thread-5] DEBUG ElorES - ← Recibido: SUCCESS
2026-01-19 20:51:11.635 [Thread-5] INFO  ElorES - ✓ Se obtuvieron 0 alumnos del ciclo 2
2026-01-19 20:51:16.472 [AWT-EventQueue-0] INFO  ElorES - Usuario en sesión: nelgezabal
2026-01-19 20:51:16.474 [AWT-EventQueue-0] DEBUG ElorES - Mostrando panel de menú
2026-01-19 20:51:20.289 [Thread-0] INFO  ElorES - Cerrando aplicación...
2026-01-19 20:51:20.289 [Thread-0] INFO  ElorES - Desconectando del servidor...
2026-01-19 20:51:20.290 [Thread-0] INFO  ElorES - ✓ Desconectado del servidor
2026-01-19 20:51:20.290 [Thread-0] INFO  ElorES - ✓ Aplicación cerrada correctamente
2026-01-19 20:57:44.730 [main] INFO  ElorES - Iniciando aplicación ElorES...
2026-01-19 20:57:44.732 [main] INFO  ElorES - Conectando con ElorServ en localhost:9000...
2026-01-19 20:57:44.796 [main] DEBUG ElorES - Servidor: Conectado a ElorServ
2026-01-19 20:57:44.796 [main] INFO  ElorES - Conexión establecida con ElorServ
2026-01-19 20:57:44.796 [main] INFO  ElorES - ✓ Conexión establecida con ElorServ
2026-01-19 20:57:44.797 [main] INFO  ElorES - ━━━━━━━━━━━━━━━━━━━━━━━━━━━━━━━━━━━━━━━━━━━━━━━━━━━
2026-01-19 20:57:44.797 [main] INFO  ElorES - INICIANDO INTERFAZ GRÁFICA
2026-01-19 20:57:44.797 [main] INFO  ElorES - ━━━━━━━━━━━━━━━━━━━━━━━━━━━━━━━━━━━━━━━━━━━━━━━━━━━
2026-01-19 20:57:44.853 [main] INFO  ElorES - ✓ Look and Feel configurado
2026-01-19 20:57:44.975 [AWT-EventQueue-0] INFO  ElorES - MainFrame inicializado
2026-01-19 20:57:44.978 [AWT-EventQueue-0] INFO  ElorES - Inicializando LoginController
2026-01-19 20:57:45.009 [AWT-EventQueue-0] INFO  ElorES - Inicializando MainController
2026-01-19 20:57:45.010 [AWT-EventQueue-0] DEBUG ElorES - → Enviando: GET_PROFILE
2026-01-19 20:57:45.021 [AWT-EventQueue-0] DEBUG ElorES - ← Recibido: UNAUTHORIZED
2026-01-19 20:57:45.022 [AWT-EventQueue-0] ERROR ElorES - Error al obtener perfil: Sesión inválida o expirada. Por favor, inicia sesión nuevamente.
2026-01-19 20:57:45.026 [AWT-EventQueue-0] INFO  ElorES - MenuPanel inicializado
2026-01-19 20:57:45.028 [AWT-EventQueue-0] INFO  ElorES - Inicializando ProfileController
2026-01-19 20:57:45.032 [AWT-EventQueue-0] INFO  ElorES - ProfilePanel inicializado
2026-01-19 20:57:45.035 [AWT-EventQueue-0] INFO  ElorES - Inicializando AlumnosController
2026-01-19 20:57:45.057 [AWT-EventQueue-0] INFO  ElorES - AlumnosPanel inicializado
2026-01-19 20:57:45.058 [AWT-EventQueue-0] INFO  ElorES - Paneles creados correctamente
2026-01-19 20:57:45.058 [AWT-EventQueue-0] DEBUG ElorES - Mostrando panel de login
2026-01-19 20:57:45.068 [AWT-EventQueue-0] INFO  ElorES - ✓ Ventana principal mostrada
2026-01-19 20:57:45.069 [AWT-EventQueue-0] INFO  ElorES - ━━━━━━━━━━━━━━━━━━━━━━━━━━━━━━━━━━━━━━━━━━━━━━━━━━━
2026-01-19 20:57:45.069 [AWT-EventQueue-0] INFO  ElorES - APLICACIÓN LISTA - Esperando interacción del usuario
2026-01-19 20:57:45.069 [AWT-EventQueue-0] INFO  ElorES - ━━━━━━━━━━━━━━━━━━━━━━━━━━━━━━━━━━━━━━━━━━━━━━━━━━━
2026-01-19 20:58:01.958 [Thread-1] INFO  ElorES - Intentando login con usuario: nere.barbar@elorrieta.com
2026-01-19 20:58:01.958 [Thread-1] INFO  ElorES - Procesando login...
2026-01-19 20:58:01.958 [Thread-1] INFO  ElorES - Intentando login para: nere.barbar@elorrieta.com
2026-01-19 20:58:01.959 [Thread-1] DEBUG ElorES - → Enviando: LOGIN
2026-01-19 20:58:02.297 [Thread-1] DEBUG ElorES - ← Recibido: SUCCESS
2026-01-19 20:58:02.297 [Thread-1] DEBUG ElorES - Token de sesión establecido
2026-01-19 20:58:02.298 [Thread-1] DEBUG ElorES - Token de sesión guardado
2026-01-19 20:58:02.298 [Thread-1] INFO  ElorES - ✓ Login exitoso para: nelgezabal
2026-01-19 20:58:02.298 [Thread-1] INFO  ElorES - Login exitoso para profesor: nere.barbar@elorrieta.com
2026-01-19 20:58:02.299 [AWT-EventQueue-0] INFO  ElorES - Login exitoso para: nere.barbar@elorrieta.com
2026-01-19 20:58:02.299 [AWT-EventQueue-0] INFO  ElorES - Usuario autenticado: nelgezabal
2026-01-19 20:58:02.299 [AWT-EventQueue-0] INFO  ElorES - Usuario actual establecido: nelgezabal
2026-01-19 20:58:02.300 [AWT-EventQueue-0] INFO  ElorES - Usuario en sesión: nelgezabal
2026-01-19 20:58:02.301 [AWT-EventQueue-0] DEBUG ElorES - Mostrando panel de menú
2026-01-19 20:58:03.268 [Thread-2] INFO  ElorES - Cargando lista de alumnos...
2026-01-19 20:58:03.268 [Thread-2] INFO  ElorES - Obteniendo lista de alumnos...
2026-01-19 20:58:03.269 [Thread-2] DEBUG ElorES - → Enviando: GET_ALUMNOS
2026-01-19 20:58:03.270 [AWT-EventQueue-0] DEBUG ElorES - Mostrando panel de alumnos
2026-01-19 20:58:03.284 [Thread-2] DEBUG ElorES - ← Recibido: SUCCESS
2026-01-19 20:58:03.285 [Thread-2] INFO  ElorES - Alumnos obtenidos correctamente: 0
2026-01-19 20:58:03.285 [Thread-2] INFO  ElorES - ✓ Se obtuvieron 0 alumnos
2026-01-19 20:58:10.229 [Thread-3] INFO  ElorES - Cargando lista de alumnos...
2026-01-19 20:58:10.229 [Thread-3] INFO  ElorES - Obteniendo lista de alumnos...
2026-01-19 20:58:10.229 [Thread-3] DEBUG ElorES - → Enviando: GET_ALUMNOS
2026-01-19 20:58:10.237 [Thread-3] DEBUG ElorES - ← Recibido: SUCCESS
2026-01-19 20:58:10.238 [Thread-3] INFO  ElorES - Alumnos obtenidos correctamente: 0
2026-01-19 20:58:10.238 [Thread-3] INFO  ElorES - ✓ Se obtuvieron 0 alumnos
2026-01-19 20:58:10.476 [Thread-4] INFO  ElorES - Cargando lista de alumnos...
2026-01-19 20:58:10.476 [Thread-4] INFO  ElorES - Obteniendo lista de alumnos...
2026-01-19 20:58:10.476 [Thread-4] DEBUG ElorES - → Enviando: GET_ALUMNOS
2026-01-19 20:58:10.487 [Thread-4] DEBUG ElorES - ← Recibido: SUCCESS
2026-01-19 20:58:10.487 [Thread-4] INFO  ElorES - Alumnos obtenidos correctamente: 0
2026-01-19 20:58:10.487 [Thread-4] INFO  ElorES - ✓ Se obtuvieron 0 alumnos
2026-01-19 20:58:10.653 [Thread-5] INFO  ElorES - Cargando lista de alumnos...
2026-01-19 20:58:10.654 [Thread-5] INFO  ElorES - Obteniendo lista de alumnos...
2026-01-19 20:58:10.654 [Thread-5] DEBUG ElorES - → Enviando: GET_ALUMNOS
2026-01-19 20:58:10.661 [Thread-5] DEBUG ElorES - ← Recibido: SUCCESS
2026-01-19 20:58:10.661 [Thread-5] INFO  ElorES - Alumnos obtenidos correctamente: 0
2026-01-19 20:58:10.661 [Thread-5] INFO  ElorES - ✓ Se obtuvieron 0 alumnos
2026-01-19 20:58:19.237 [Thread-0] INFO  ElorES - Cerrando aplicación...
2026-01-19 20:58:19.237 [Thread-0] INFO  ElorES - Desconectando del servidor...
2026-01-19 20:58:19.238 [Thread-0] INFO  ElorES - ✓ Desconectado del servidor
2026-01-19 20:58:19.238 [Thread-0] INFO  ElorES - ✓ Aplicación cerrada correctamente
2026-01-19 21:05:07.369 [main] INFO  ElorES - Iniciando aplicación ElorES...
2026-01-19 21:05:07.372 [main] INFO  ElorES - Conectando con ElorServ en localhost:9000...
2026-01-19 21:05:07.439 [main] DEBUG ElorES - Servidor: Conectado a ElorServ
2026-01-19 21:05:07.439 [main] INFO  ElorES - Conexión establecida con ElorServ
2026-01-19 21:05:07.439 [main] INFO  ElorES - ✓ Conexión establecida con ElorServ
2026-01-19 21:05:07.441 [main] INFO  ElorES - ━━━━━━━━━━━━━━━━━━━━━━━━━━━━━━━━━━━━━━━━━━━━━━━━━━━
2026-01-19 21:05:07.441 [main] INFO  ElorES - INICIANDO INTERFAZ GRÁFICA
2026-01-19 21:05:07.441 [main] INFO  ElorES - ━━━━━━━━━━━━━━━━━━━━━━━━━━━━━━━━━━━━━━━━━━━━━━━━━━━
2026-01-19 21:05:07.497 [main] INFO  ElorES - ✓ Look and Feel configurado
2026-01-19 21:05:07.630 [AWT-EventQueue-0] INFO  ElorES - MainFrame inicializado
2026-01-19 21:05:07.633 [AWT-EventQueue-0] INFO  ElorES - Inicializando LoginController
2026-01-19 21:05:07.670 [AWT-EventQueue-0] INFO  ElorES - Inicializando MainController
2026-01-19 21:05:07.671 [AWT-EventQueue-0] DEBUG ElorES - → Enviando: GET_PROFILE
2026-01-19 21:05:07.681 [AWT-EventQueue-0] DEBUG ElorES - ← Recibido: UNAUTHORIZED
2026-01-19 21:05:07.681 [AWT-EventQueue-0] ERROR ElorES - Error al obtener perfil: Sesión inválida o expirada. Por favor, inicia sesión nuevamente.
2026-01-19 21:05:07.684 [AWT-EventQueue-0] INFO  ElorES - MenuPanel inicializado
2026-01-19 21:05:07.686 [AWT-EventQueue-0] INFO  ElorES - Inicializando ProfileController
2026-01-19 21:05:07.691 [AWT-EventQueue-0] INFO  ElorES - ProfilePanel inicializado
2026-01-19 21:05:07.693 [AWT-EventQueue-0] INFO  ElorES - Inicializando AlumnosController
2026-01-19 21:05:07.714 [AWT-EventQueue-0] INFO  ElorES - AlumnosPanel inicializado
2026-01-19 21:05:07.715 [AWT-EventQueue-0] INFO  ElorES - Paneles creados correctamente
2026-01-19 21:05:07.715 [AWT-EventQueue-0] DEBUG ElorES - Mostrando panel de login
2026-01-19 21:05:07.725 [AWT-EventQueue-0] INFO  ElorES - ✓ Ventana principal mostrada
2026-01-19 21:05:07.725 [AWT-EventQueue-0] INFO  ElorES - ━━━━━━━━━━━━━━━━━━━━━━━━━━━━━━━━━━━━━━━━━━━━━━━━━━━
2026-01-19 21:05:07.726 [AWT-EventQueue-0] INFO  ElorES - APLICACIÓN LISTA - Esperando interacción del usuario
2026-01-19 21:05:07.726 [AWT-EventQueue-0] INFO  ElorES - ━━━━━━━━━━━━━━━━━━━━━━━━━━━━━━━━━━━━━━━━━━━━━━━━━━━
2026-01-19 21:05:19.831 [Thread-1] INFO  ElorES - Intentando login con usuario: nere.barbar@elorrieta.com
2026-01-19 21:05:19.831 [Thread-1] INFO  ElorES - Procesando login...
2026-01-19 21:05:19.831 [Thread-1] INFO  ElorES - Intentando login para: nere.barbar@elorrieta.com
2026-01-19 21:05:19.831 [Thread-1] DEBUG ElorES - → Enviando: LOGIN
2026-01-19 21:05:20.229 [Thread-1] DEBUG ElorES - ← Recibido: SUCCESS
2026-01-19 21:05:20.229 [Thread-1] DEBUG ElorES - Token de sesión establecido
2026-01-19 21:05:20.229 [Thread-1] DEBUG ElorES - Token de sesión guardado
2026-01-19 21:05:20.230 [Thread-1] INFO  ElorES - ✓ Login exitoso para: nelgezabal
2026-01-19 21:05:20.230 [Thread-1] INFO  ElorES - Login exitoso para profesor: nere.barbar@elorrieta.com
2026-01-19 21:05:20.231 [AWT-EventQueue-0] INFO  ElorES - Login exitoso para: nere.barbar@elorrieta.com
2026-01-19 21:05:20.231 [AWT-EventQueue-0] INFO  ElorES - Usuario autenticado: nelgezabal
2026-01-19 21:05:20.231 [AWT-EventQueue-0] INFO  ElorES - Usuario actual establecido: nelgezabal
2026-01-19 21:05:20.232 [AWT-EventQueue-0] INFO  ElorES - Usuario en sesión: nelgezabal
2026-01-19 21:05:20.232 [AWT-EventQueue-0] DEBUG ElorES - Mostrando panel de menú
2026-01-19 21:05:21.126 [Thread-2] INFO  ElorES - Cargando lista de alumnos...
2026-01-19 21:05:21.126 [Thread-2] INFO  ElorES - Obteniendo lista de alumnos...
2026-01-19 21:05:21.127 [Thread-2] DEBUG ElorES - → Enviando: GET_ALUMNOS
2026-01-19 21:05:21.128 [AWT-EventQueue-0] DEBUG ElorES - Mostrando panel de alumnos
2026-01-19 21:05:21.152 [Thread-2] DEBUG ElorES - ← Recibido: SUCCESS
2026-01-19 21:05:21.153 [Thread-2] INFO  ElorES - Alumnos obtenidos correctamente: 4
2026-01-19 21:05:21.153 [Thread-2] INFO  ElorES - ✓ Se obtuvieron 4 alumnos
2026-01-19 21:05:21.154 [AWT-EventQueue-0] INFO  ElorES - ✓ Lista de alumnos cargada: 4 alumnos
2026-01-19 21:05:22.752 [Thread-3] INFO  ElorES - Filtrando alumnos por ciclo: 1
2026-01-19 21:05:22.753 [Thread-3] DEBUG ElorES - → Enviando: FILTER_ALUMNOS_BY_CICLO
2026-01-19 21:05:22.767 [Thread-3] DEBUG ElorES - ← Recibido: SUCCESS
2026-01-19 21:05:22.769 [Thread-3] INFO  ElorES - ✓ Se obtuvieron 0 alumnos del ciclo 1
2026-01-19 21:05:22.770 [AWT-EventQueue-0] INFO  ElorES - Filtrado aplicado: 0 alumnos del ciclo 1
2026-01-19 21:05:23.742 [Thread-4] INFO  ElorES - Cargando lista de alumnos...
2026-01-19 21:05:23.742 [Thread-4] INFO  ElorES - Obteniendo lista de alumnos...
2026-01-19 21:05:23.743 [Thread-4] DEBUG ElorES - → Enviando: GET_ALUMNOS
2026-01-19 21:05:23.764 [Thread-4] DEBUG ElorES - ← Recibido: SUCCESS
2026-01-19 21:05:23.764 [Thread-4] INFO  ElorES - Alumnos obtenidos correctamente: 4
2026-01-19 21:05:23.764 [Thread-4] INFO  ElorES - ✓ Se obtuvieron 4 alumnos
2026-01-19 21:05:23.764 [AWT-EventQueue-0] INFO  ElorES - ✓ Lista de alumnos cargada: 4 alumnos
2026-01-19 21:05:25.951 [Thread-5] INFO  ElorES - Filtrando alumnos por ciclo: 3
2026-01-19 21:05:25.951 [Thread-5] DEBUG ElorES - → Enviando: FILTER_ALUMNOS_BY_CICLO
2026-01-19 21:05:25.961 [Thread-5] DEBUG ElorES - ← Recibido: SUCCESS
2026-01-19 21:05:25.961 [Thread-5] INFO  ElorES - ✓ Se obtuvieron 0 alumnos del ciclo 3
2026-01-19 21:05:25.962 [AWT-EventQueue-0] INFO  ElorES - Filtrado aplicado: 0 alumnos del ciclo 3
2026-01-19 21:05:26.943 [Thread-6] INFO  ElorES - Cargando lista de alumnos...
2026-01-19 21:05:26.943 [Thread-6] INFO  ElorES - Obteniendo lista de alumnos...
2026-01-19 21:05:26.943 [Thread-6] DEBUG ElorES - → Enviando: GET_ALUMNOS
2026-01-19 21:05:26.965 [Thread-6] DEBUG ElorES - ← Recibido: SUCCESS
2026-01-19 21:05:26.965 [Thread-6] INFO  ElorES - Alumnos obtenidos correctamente: 4
2026-01-19 21:05:26.965 [Thread-6] INFO  ElorES - ✓ Se obtuvieron 4 alumnos
2026-01-19 21:05:26.966 [AWT-EventQueue-0] INFO  ElorES - ✓ Lista de alumnos cargada: 4 alumnos
2026-01-19 21:05:28.846 [Thread-7] INFO  ElorES - Filtrando alumnos por ciclo: 3
2026-01-19 21:05:28.847 [Thread-7] DEBUG ElorES - → Enviando: FILTER_ALUMNOS_BY_CICLO
2026-01-19 21:05:28.854 [Thread-7] DEBUG ElorES - ← Recibido: SUCCESS
2026-01-19 21:05:28.855 [Thread-7] INFO  ElorES - ✓ Se obtuvieron 0 alumnos del ciclo 3
2026-01-19 21:05:28.855 [AWT-EventQueue-0] INFO  ElorES - Filtrado aplicado: 0 alumnos del ciclo 3
2026-01-19 21:05:30.351 [Thread-8] INFO  ElorES - Filtrando alumnos por ciclo: 4
2026-01-19 21:05:30.351 [Thread-8] DEBUG ElorES - → Enviando: FILTER_ALUMNOS_BY_CICLO
2026-01-19 21:05:30.360 [Thread-8] DEBUG ElorES - ← Recibido: SUCCESS
2026-01-19 21:05:30.360 [Thread-8] INFO  ElorES - ✓ Se obtuvieron 0 alumnos del ciclo 4
2026-01-19 21:05:30.361 [AWT-EventQueue-0] INFO  ElorES - Filtrado aplicado: 0 alumnos del ciclo 4
2026-01-19 21:05:32.134 [Thread-9] INFO  ElorES - Cargando lista de alumnos...
2026-01-19 21:05:32.134 [Thread-9] INFO  ElorES - Obteniendo lista de alumnos...
2026-01-19 21:05:32.134 [Thread-9] DEBUG ElorES - → Enviando: GET_ALUMNOS
2026-01-19 21:05:32.147 [Thread-9] DEBUG ElorES - ← Recibido: SUCCESS
2026-01-19 21:05:32.147 [Thread-9] INFO  ElorES - Alumnos obtenidos correctamente: 4
2026-01-19 21:05:32.147 [Thread-9] INFO  ElorES - ✓ Se obtuvieron 4 alumnos
2026-01-19 21:05:32.147 [AWT-EventQueue-0] INFO  ElorES - ✓ Lista de alumnos cargada: 4 alumnos
2026-01-19 21:05:33.943 [Thread-10] INFO  ElorES - Filtrando alumnos por ciclo: 4
2026-01-19 21:05:33.943 [Thread-10] DEBUG ElorES - → Enviando: FILTER_ALUMNOS_BY_CICLO
2026-01-19 21:05:33.950 [Thread-10] DEBUG ElorES - ← Recibido: SUCCESS
2026-01-19 21:05:33.950 [Thread-10] INFO  ElorES - ✓ Se obtuvieron 0 alumnos del ciclo 4
2026-01-19 21:05:33.951 [AWT-EventQueue-0] INFO  ElorES - Filtrado aplicado: 0 alumnos del ciclo 4
2026-01-19 21:05:35.094 [Thread-11] INFO  ElorES - Cargando lista de alumnos...
2026-01-19 21:05:35.094 [Thread-11] INFO  ElorES - Obteniendo lista de alumnos...
2026-01-19 21:05:35.094 [Thread-11] DEBUG ElorES - → Enviando: GET_ALUMNOS
2026-01-19 21:05:35.108 [Thread-11] DEBUG ElorES - ← Recibido: SUCCESS
2026-01-19 21:05:35.109 [Thread-11] INFO  ElorES - Alumnos obtenidos correctamente: 4
2026-01-19 21:05:35.109 [Thread-11] INFO  ElorES - ✓ Se obtuvieron 4 alumnos
2026-01-19 21:05:35.109 [AWT-EventQueue-0] INFO  ElorES - ✓ Lista de alumnos cargada: 4 alumnos
2026-01-19 21:05:35.654 [Thread-12] INFO  ElorES - Cargando lista de alumnos...
2026-01-19 21:05:35.654 [Thread-12] INFO  ElorES - Obteniendo lista de alumnos...
2026-01-19 21:05:35.654 [Thread-12] DEBUG ElorES - → Enviando: GET_ALUMNOS
2026-01-19 21:05:35.668 [Thread-12] DEBUG ElorES - ← Recibido: SUCCESS
2026-01-19 21:05:35.669 [Thread-12] INFO  ElorES - Alumnos obtenidos correctamente: 4
2026-01-19 21:05:35.669 [Thread-12] INFO  ElorES - ✓ Se obtuvieron 4 alumnos
2026-01-19 21:05:35.669 [AWT-EventQueue-0] INFO  ElorES - ✓ Lista de alumnos cargada: 4 alumnos
2026-01-19 21:05:35.838 [Thread-13] INFO  ElorES - Cargando lista de alumnos...
2026-01-19 21:05:35.838 [Thread-13] INFO  ElorES - Obteniendo lista de alumnos...
2026-01-19 21:05:35.838 [Thread-13] DEBUG ElorES - → Enviando: GET_ALUMNOS
2026-01-19 21:05:35.861 [Thread-13] DEBUG ElorES - ← Recibido: SUCCESS
2026-01-19 21:05:35.861 [Thread-13] INFO  ElorES - Alumnos obtenidos correctamente: 4
2026-01-19 21:05:35.861 [Thread-13] INFO  ElorES - ✓ Se obtuvieron 4 alumnos
2026-01-19 21:05:35.862 [AWT-EventQueue-0] INFO  ElorES - ✓ Lista de alumnos cargada: 4 alumnos
2026-01-19 21:05:35.998 [Thread-14] INFO  ElorES - Cargando lista de alumnos...
2026-01-19 21:05:35.998 [Thread-14] INFO  ElorES - Obteniendo lista de alumnos...
2026-01-19 21:05:35.998 [Thread-14] DEBUG ElorES - → Enviando: GET_ALUMNOS
2026-01-19 21:05:36.020 [Thread-14] DEBUG ElorES - ← Recibido: SUCCESS
2026-01-19 21:05:36.020 [Thread-14] INFO  ElorES - Alumnos obtenidos correctamente: 4
2026-01-19 21:05:36.020 [Thread-14] INFO  ElorES - ✓ Se obtuvieron 4 alumnos
2026-01-19 21:05:36.021 [AWT-EventQueue-0] INFO  ElorES - ✓ Lista de alumnos cargada: 4 alumnos
2026-01-19 21:05:36.534 [AWT-EventQueue-0] INFO  ElorES - Mostrando detalle de alumno: alumno4
2026-01-19 21:05:37.445 [AWT-EventQueue-0] INFO  ElorES - Mostrando detalle de alumno: alumno2
2026-01-19 21:05:37.853 [AWT-EventQueue-0] INFO  ElorES - Mostrando detalle de alumno: alumno3
2026-01-19 21:05:38.245 [AWT-EventQueue-0] INFO  ElorES - Mostrando detalle de alumno: alumno1
2026-01-19 21:11:47.089 [Thread-0] INFO  ElorES - Cerrando aplicación...
2026-01-19 21:11:47.089 [Thread-0] INFO  ElorES - Desconectando del servidor...
2026-01-19 21:11:47.091 [Thread-0] INFO  ElorES - ✓ Desconectado del servidor
2026-01-19 21:11:47.091 [Thread-0] INFO  ElorES - ✓ Aplicación cerrada correctamente
